<?xml version="1.0" encoding="UTF-8"?>
<testsuite xmlns:xsi="http://www.w3.org/2001/XMLSchema-instance" xsi:noNamespaceSchemaLocation="https://maven.apache.org/surefire/maven-surefire-plugin/xsd/surefire-test-report-3.0.xsd" version="3.0" name="br.insper.projeto.ProjetoApplicationTests" time="8.98" tests="1" errors="0" skipped="0" failures="0">
  <properties>
[...]
</properties>
  <testcase name="contextLoads" classname="br.insper.projeto.ProjetoApplicationTests" time="1.825">
    <system-out><![CDATA[09:20:43.691 [main] INFO org.springframework.test.context.support.AnnotationConfigContextLoaderUtils -- Could not detect default configuration classes for test class [br.insper.projeto.ProjetoApplicationTests]: ProjetoApplicationTests does not declare any static, non-private, non-final, nested classes annotated with @Configuration.
09:20:43.921 [main] INFO org.springframework.boot.test.context.SpringBootTestContextBootstrapper -- Found @SpringBootConfiguration br.insper.projeto.ProjetoApplication for test class br.insper.projeto.ProjetoApplicationTests

  .   ____          _            __ _ _
 /\\ / ___'_ __ _ _(_)_ __  __ _ \ \ \ \
( ( )\___ | '_ | '_| | '_ \/ _` | \ \ \ \
 \\/  ___)| |_)| | | | | || (_| |  ) ) ) )
  '  |____| .__|_| |_|_| |_\__, | / / / /
 =========|_|==============|___/=/_/_/_/

 :: Spring Boot ::                (v3.3.5)

2024-11-11T09:20:44.699-03:00  INFO 95133 --- [projeto] [           main] b.i.projeto.ProjetoApplicationTests      : Starting ProjetoApplicationTests using Java 21.0.2 with PID 95133 (started by gubscruz in /Users/gubscruz/Downloads/INSPER/4_PERIODO/projeto-software-agil/PF/prova-final-zambom)
2024-11-11T09:20:44.703-03:00  INFO 95133 --- [projeto] [           main] b.i.projeto.ProjetoApplicationTests      : No active profile set, falling back to 1 default profile: "default"
2024-11-11T09:20:46.416-03:00  INFO 95133 --- [projeto] [           main] .s.d.r.c.RepositoryConfigurationDelegate : Bootstrapping Spring Data MongoDB repositories in DEFAULT mode.
2024-11-11T09:20:46.522-03:00  INFO 95133 --- [projeto] [           main] .s.d.r.c.RepositoryConfigurationDelegate : Finished Spring Data repository scanning in 97 ms. Found 1 MongoDB repository interface.
2024-11-11T09:20:47.664-03:00  INFO 95133 --- [projeto] [           main] org.mongodb.driver.client                : MongoClient with metadata {"application": {"name": "cluster-pf"}, "driver": {"name": "mongo-java-driver|sync|spring-boot", "version": "5.0.1"}, "os": {"type": "Darwin", "name": "Mac OS X", "architecture": "aarch64", "version": "15.1"}, "platform": "Java/Oracle Corporation/21.0.2+13-58"} created with settings MongoClientSettings{readPreference=primary, writeConcern=WriteConcern{w=majority, wTimeout=null ms, journal=null}, retryWrites=true, retryReads=true, readConcern=ReadConcern{level=null}, credential=MongoCredential{mechanism=null, userName='gustavobsc', source='admin', password=<hidden>, mechanismProperties=<hidden>}, transportSettings=null, commandListeners=[], codecRegistry=ProvidersCodecRegistry{codecProviders=[ValueCodecProvider{}, BsonValueCodecProvider{}, DBRefCodecProvider{}, DBObjectCodecProvider{}, DocumentCodecProvider{}, CollectionCodecProvider{}, IterableCodecProvider{}, MapCodecProvider{}, GeoJsonCodecProvider{}, GridFSFileCodecProvider{}, Jsr310CodecProvider{}, JsonObjectCodecProvider{}, BsonCodecProvider{}, EnumCodecProvider{}, com.mongodb.client.model.mql.ExpressionCodecProvider@7f6329cb, com.mongodb.Jep395RecordCodecProvider@4b8137c5, com.mongodb.KotlinCodecProvider@77f4c040]}, loggerSettings=LoggerSettings{maxDocumentLength=1000}, clusterSettings={hosts=[127.0.0.1:27017], srvHost=cluster-pf.3qxrp.mongodb.net, srvServiceName=mongodb, mode=MULTIPLE, requiredClusterType=REPLICA_SET, requiredReplicaSetName='atlas-xdgona-shard-0', serverSelector='null', clusterListeners='[]', serverSelectionTimeout='30000 ms', localThreshold='15 ms'}, socketSettings=SocketSettings{connectTimeoutMS=10000, readTimeoutMS=0, receiveBufferSize=0, proxySettings=ProxySettings{host=null, port=null, username=null, password=null}}, heartbeatSocketSettings=SocketSettings{connectTimeoutMS=10000, readTimeoutMS=10000, receiveBufferSize=0, proxySettings=ProxySettings{host=null, port=null, username=null, password=null}}, connectionPoolSettings=ConnectionPoolSettings{maxSize=100, minSize=0, maxWaitTimeMS=120000, maxConnectionLifeTimeMS=0, maxConnectionIdleTimeMS=0, maintenanceInitialDelayMS=0, maintenanceFrequencyMS=60000, connectionPoolListeners=[], maxConnecting=2}, serverSettings=ServerSettings{heartbeatFrequencyMS=10000, minHeartbeatFrequencyMS=500, serverListeners='[]', serverMonitorListeners='[]'}, sslSettings=SslSettings{enabled=true, invalidHostNameAllowed=false, context=null}, applicationName='cluster-pf', compressorList=[], uuidRepresentation=JAVA_LEGACY, serverApi=null, autoEncryptionSettings=null, dnsClient=null, inetAddressResolver=null, contextProvider=null}
2024-11-11T09:20:47.765-03:00  INFO 95133 --- [projeto] [xrp.mongodb.net] org.mongodb.driver.cluster               : Adding discovered server cluster-pf-shard-00-02.3qxrp.mongodb.net:27017 to client view of cluster
2024-11-11T09:20:47.861-03:00  INFO 95133 --- [projeto] [xrp.mongodb.net] org.mongodb.driver.cluster               : Adding discovered server cluster-pf-shard-00-01.3qxrp.mongodb.net:27017 to client view of cluster
2024-11-11T09:20:47.866-03:00  INFO 95133 --- [projeto] [xrp.mongodb.net] org.mongodb.driver.cluster               : Adding discovered server cluster-pf-shard-00-00.3qxrp.mongodb.net:27017 to client view of cluster
2024-11-11T09:20:48.819-03:00  INFO 95133 --- [projeto] [ngodb.net:27017] org.mongodb.driver.cluster               : Monitor thread successfully connected to server with description ServerDescription{address=cluster-pf-shard-00-00.3qxrp.mongodb.net:27017, type=REPLICA_SET_SECONDARY, state=CONNECTED, ok=true, minWireVersion=0, maxWireVersion=21, maxDocumentSize=16777216, logicalSessionTimeoutMinutes=30, roundTripTimeNanos=531208208, setName='atlas-xdgona-shard-0', canonicalAddress=cluster-pf-shard-00-00.3qxrp.mongodb.net:27017, hosts=[cluster-pf-shard-00-02.3qxrp.mongodb.net:27017, cluster-pf-shard-00-00.3qxrp.mongodb.net:27017, cluster-pf-shard-00-01.3qxrp.mongodb.net:27017], passives=[], arbiters=[], primary='cluster-pf-shard-00-01.3qxrp.mongodb.net:27017', tagSet=TagSet{[Tag{name='availabilityZone', value='sae1-az1'}, Tag{name='diskState', value='READY'}, Tag{name='nodeType', value='ELECTABLE'}, Tag{name='provider', value='AWS'}, Tag{name='region', value='SA_EAST_1'}, Tag{name='workloadType', value='OPERATIONAL'}]}, electionId=null, setVersion=6, topologyVersion=TopologyVersion{processId=671be1a20fe64fd92515373f, counter=5}, lastWriteDate=Mon Nov 11 09:20:50 BRT 2024, lastUpdateTimeNanos=158422721116791}
2024-11-11T09:20:48.819-03:00  INFO 95133 --- [projeto] [ngodb.net:27017] org.mongodb.driver.cluster               : Monitor thread successfully connected to server with description ServerDescription{address=cluster-pf-shard-00-01.3qxrp.mongodb.net:27017, type=REPLICA_SET_PRIMARY, state=CONNECTED, ok=true, minWireVersion=0, maxWireVersion=21, maxDocumentSize=16777216, logicalSessionTimeoutMinutes=30, roundTripTimeNanos=531264666, setName='atlas-xdgona-shard-0', canonicalAddress=cluster-pf-shard-00-01.3qxrp.mongodb.net:27017, hosts=[cluster-pf-shard-00-02.3qxrp.mongodb.net:27017, cluster-pf-shard-00-00.3qxrp.mongodb.net:27017, cluster-pf-shard-00-01.3qxrp.mongodb.net:27017], passives=[], arbiters=[], primary='cluster-pf-shard-00-01.3qxrp.mongodb.net:27017', tagSet=TagSet{[Tag{name='availabilityZone', value='sae1-az3'}, Tag{name='diskState', value='READY'}, Tag{name='nodeType', value='ELECTABLE'}, Tag{name='provider', value='AWS'}, Tag{name='region', value='SA_EAST_1'}, Tag{name='workloadType', value='OPERATIONAL'}]}, electionId=7fffffff0000000000000059, setVersion=6, topologyVersion=TopologyVersion{processId=671be40c50660f90fd4b9fbc, counter=6}, lastWriteDate=Mon Nov 11 09:20:50 BRT 2024, lastUpdateTimeNanos=158422722014708}
2024-11-11T09:20:48.819-03:00  INFO 95133 --- [projeto] [ngodb.net:27017] org.mongodb.driver.cluster               : Monitor thread successfully connected to server with description ServerDescription{address=cluster-pf-shard-00-02.3qxrp.mongodb.net:27017, type=REPLICA_SET_SECONDARY, state=CONNECTED, ok=true, minWireVersion=0, maxWireVersion=21, maxDocumentSize=16777216, logicalSessionTimeoutMinutes=30, roundTripTimeNanos=530197041, setName='atlas-xdgona-shard-0', canonicalAddress=cluster-pf-shard-00-02.3qxrp.mongodb.net:27017, hosts=[cluster-pf-shard-00-02.3qxrp.mongodb.net:27017, cluster-pf-shard-00-00.3qxrp.mongodb.net:27017, cluster-pf-shard-00-01.3qxrp.mongodb.net:27017], passives=[], arbiters=[], primary='cluster-pf-shard-00-01.3qxrp.mongodb.net:27017', tagSet=TagSet{[Tag{name='availabilityZone', value='sae1-az2'}, Tag{name='diskState', value='READY'}, Tag{name='nodeType', value='ELECTABLE'}, Tag{name='provider', value='AWS'}, Tag{name='region', value='SA_EAST_1'}, Tag{name='workloadType', value='OPERATIONAL'}]}, electionId=null, setVersion=6, topologyVersion=TopologyVersion{processId=671be775a7d2f3d995b1ed52, counter=3}, lastWriteDate=Mon Nov 11 09:20:50 BRT 2024, lastUpdateTimeNanos=158422720407458}
2024-11-11T09:20:48.827-03:00  INFO 95133 --- [projeto] [ngodb.net:27017] org.mongodb.driver.cluster               : Discovered replica set primary cluster-pf-shard-00-01.3qxrp.mongodb.net:27017 with max election id 7fffffff0000000000000059 and max set version 6
2024-11-11T09:20:50.349-03:00  INFO 95133 --- [projeto] [           main] b.i.projeto.ProjetoApplicationTests      : Started ProjetoApplicationTests in 6.185 seconds (process running for 8.374)
]]></system-out>
    <system-err><![CDATA[WARNING: A Java agent has been loaded dynamically (/Users/gubscruz/.m2/repository/net/bytebuddy/byte-buddy-agent/1.14.19/byte-buddy-agent-1.14.19.jar)
WARNING: If a serviceability tool is in use, please run with -XX:+EnableDynamicAgentLoading to hide this warning
WARNING: If a serviceability tool is not in use, please run with -Djdk.instrument.traceUsage for more information
WARNING: Dynamic loading of agents will be disallowed by default in a future release
]]></system-err>
  </testcase>
</testsuite>